c:\users\niklas.jakobsen\documents\z-engine-new\intermediates\x64\debug\vc143.pdb
c:\users\niklas.jakobsen\documents\z-engine-new\intermediates\x64\debug\vc143.idb
c:\users\niklas.jakobsen\documents\z-engine-new\intermediates\x64\debug\lancher.obj
c:\users\niklas.jakobsen\documents\z-engine-new\intermediates\x64\debug\camera.obj
c:\users\niklas.jakobsen\documents\z-engine-new\intermediates\x64\debug\dx11.obj
c:\users\niklas.jakobsen\documents\z-engine-new\intermediates\x64\debug\engine.obj
c:\users\niklas.jakobsen\documents\z-engine-new\intermediates\x64\debug\indexbuffer.obj
c:\users\niklas.jakobsen\documents\z-engine-new\intermediates\x64\debug\keyinput.obj
c:\users\niklas.jakobsen\documents\z-engine-new\intermediates\x64\debug\mathadapter.obj
c:\users\niklas.jakobsen\documents\z-engine-new\intermediates\x64\debug\matrix.h.obj
c:\users\niklas.jakobsen\documents\z-engine-new\intermediates\x64\debug\mesh.obj
c:\users\niklas.jakobsen\documents\z-engine-new\intermediates\x64\debug\model.obj
c:\users\niklas.jakobsen\documents\z-engine-new\intermediates\x64\debug\pixelshader.obj
c:\users\niklas.jakobsen\documents\z-engine-new\intermediates\x64\debug\shaders.h.obj
c:\users\niklas.jakobsen\documents\z-engine-new\intermediates\x64\debug\timer.obj
c:\users\niklas.jakobsen\documents\z-engine-new\intermediates\x64\debug\transform.obj
c:\users\niklas.jakobsen\documents\z-engine-new\intermediates\x64\debug\vertexshader.obj
c:\users\niklas.jakobsen\documents\z-engine-new\export\engine_debug.pdb
c:\users\niklas.jakobsen\documents\z-engine-new\intermediates\x64\debug\lancher.vcxproj.filelistabsolute.txt
c:\users\niklas.jakobsen\documents\z-engine-new\intermediates\x64\debug\lancher.tlog\cl.command.1.tlog
c:\users\niklas.jakobsen\documents\z-engine-new\intermediates\x64\debug\lancher.tlog\cl.read.1.tlog
c:\users\niklas.jakobsen\documents\z-engine-new\intermediates\x64\debug\lancher.tlog\cl.write.1.tlog
c:\users\niklas.jakobsen\documents\z-engine-new\intermediates\x64\debug\lancher.tlog\link-cvtres.read.1.tlog
c:\users\niklas.jakobsen\documents\z-engine-new\intermediates\x64\debug\lancher.tlog\link-cvtres.write.1.tlog
c:\users\niklas.jakobsen\documents\z-engine-new\intermediates\x64\debug\lancher.tlog\link-rc.read.1.tlog
c:\users\niklas.jakobsen\documents\z-engine-new\intermediates\x64\debug\lancher.tlog\link-rc.write.1.tlog
c:\users\niklas.jakobsen\documents\z-engine-new\intermediates\x64\debug\lancher.tlog\link.38940-cvtres.read.1.tlog
c:\users\niklas.jakobsen\documents\z-engine-new\intermediates\x64\debug\lancher.tlog\link.38940-cvtres.write.1.tlog
c:\users\niklas.jakobsen\documents\z-engine-new\intermediates\x64\debug\lancher.tlog\link.38940-rc.read.1.tlog
c:\users\niklas.jakobsen\documents\z-engine-new\intermediates\x64\debug\lancher.tlog\link.38940-rc.write.1.tlog
c:\users\niklas.jakobsen\documents\z-engine-new\intermediates\x64\debug\lancher.tlog\link.38940.read.1.tlog
c:\users\niklas.jakobsen\documents\z-engine-new\intermediates\x64\debug\lancher.tlog\link.38940.read.2.tlog
c:\users\niklas.jakobsen\documents\z-engine-new\intermediates\x64\debug\lancher.tlog\link.38940.write.1.tlog
c:\users\niklas.jakobsen\documents\z-engine-new\intermediates\x64\debug\lancher.tlog\link.command.1.tlog
c:\users\niklas.jakobsen\documents\z-engine-new\intermediates\x64\debug\lancher.tlog\link.read.1.tlog
c:\users\niklas.jakobsen\documents\z-engine-new\intermediates\x64\debug\lancher.tlog\link.read.2.tlog
c:\users\niklas.jakobsen\documents\z-engine-new\intermediates\x64\debug\lancher.tlog\link.write.1.tlog
