c:\users\niklas.jakobsen\documents\z-engine-new\intermediates\x64\debug\indexbuffer.obj
c:\users\niklas.jakobsen\documents\z-engine-new\intermediates\x64\debug\model.obj
c:\users\niklas.jakobsen\documents\z-engine-new\intermediates\x64\debug\mesh.obj
c:\users\niklas.jakobsen\documents\z-engine-new\intermediates\x64\debug\vertexshader.obj
c:\users\niklas.jakobsen\documents\z-engine-new\intermediates\x64\debug\camera.obj
c:\users\niklas.jakobsen\documents\z-engine-new\intermediates\x64\debug\pixelshader.obj
c:\users\niklas.jakobsen\documents\z-engine-new\intermediates\x64\debug\engine.obj
c:\users\niklas.jakobsen\documents\z-engine-new\intermediates\x64\debug\shaders.h.ifc
c:\users\niklas.jakobsen\documents\z-engine-new\intermediates\x64\debug\shaders.h.ifc.d.json
c:\users\niklas.jakobsen\documents\z-engine-new\intermediates\x64\debug\shaders.h.obj
c:\users\niklas.jakobsen\documents\z-engine-new\dependencies\lib\engine.pdb
c:\users\niklas.jakobsen\documents\z-engine-new\export\shaders\pixelshader.cso
c:\users\niklas.jakobsen\documents\z-engine-new\export\shaders\vertexshader.cso
c:\users\niklas.jakobsen\documents\z-engine-new\dependencies\lib\engine.lib
c:\users\niklas.jakobsen\documents\z-engine-new\intermediates\x64\debug\shaders.h.module.json
c:\users\zzwee\source\repos\z-engine\intermediates\x64\debug\shaders.h.module.json
c:\users\niklas.jakobsen\documents\z-engine-new\intermediates\x64\debug\z-engine.vcxproj.filelistabsolute.txt
c:\users\niklas.jakobsen\documents\z-engine-new\intermediates\x64\debug\z-engine.tlog\cl.command.1.tlog
c:\users\niklas.jakobsen\documents\z-engine-new\intermediates\x64\debug\z-engine.tlog\cl.read.1.tlog
c:\users\niklas.jakobsen\documents\z-engine-new\intermediates\x64\debug\z-engine.tlog\cl.write.1.tlog
c:\users\niklas.jakobsen\documents\z-engine-new\intermediates\x64\debug\z-engine.tlog\fxc.command.1.tlog
c:\users\niklas.jakobsen\documents\z-engine-new\intermediates\x64\debug\z-engine.tlog\fxc.read.1.tlog
c:\users\niklas.jakobsen\documents\z-engine-new\intermediates\x64\debug\z-engine.tlog\fxc.write.1.tlog
c:\users\niklas.jakobsen\documents\z-engine-new\intermediates\x64\debug\z-engine.tlog\lib-link.read.1.tlog
c:\users\niklas.jakobsen\documents\z-engine-new\intermediates\x64\debug\z-engine.tlog\lib-link.write.1.tlog
c:\users\niklas.jakobsen\documents\z-engine-new\intermediates\x64\debug\z-engine.tlog\lib.command.1.tlog
c:\users\niklas.jakobsen\documents\z-engine-new\intermediates\x64\debug\z-engine.tlog\link-cvtres.read.1.tlog
c:\users\niklas.jakobsen\documents\z-engine-new\intermediates\x64\debug\z-engine.tlog\link-cvtres.write.1.tlog
c:\users\niklas.jakobsen\documents\z-engine-new\intermediates\x64\debug\z-engine.tlog\link-rc.read.1.tlog
c:\users\niklas.jakobsen\documents\z-engine-new\intermediates\x64\debug\z-engine.tlog\link-rc.write.1.tlog
c:\users\niklas.jakobsen\documents\z-engine-new\intermediates\x64\debug\z-engine.tlog\link.command.1.tlog
c:\users\niklas.jakobsen\documents\z-engine-new\intermediates\x64\debug\z-engine.tlog\link.read.1.tlog
c:\users\niklas.jakobsen\documents\z-engine-new\intermediates\x64\debug\z-engine.tlog\link.read.2.tlog
c:\users\niklas.jakobsen\documents\z-engine-new\intermediates\x64\debug\z-engine.tlog\link.write.1.tlog
c:\users\niklas.jakobsen\documents\z-engine-new\intermediates\x64\debug\z-engine_md.tlog\cl.command.1.tlog
c:\users\niklas.jakobsen\documents\z-engine-new\intermediates\x64\debug\z-engine_md.tlog\microsoft.build.cpptasks.cl.read.1.tlog
c:\users\niklas.jakobsen\documents\z-engine-new\intermediates\x64\debug\z-engine_md.tlog\microsoft.build.cpptasks.cl.write.1.tlog
