c:\users\niklas.jakobsen\documents\z-engine-new\intermediates\x64\debug\timer.obj
c:\users\niklas.jakobsen\documents\z-engine-new\intermediates\x64\debug\keyinput.obj
c:\users\niklas.jakobsen\documents\z-engine-new\intermediates\x64\debug\transform.obj
c:\users\niklas.jakobsen\documents\z-engine-new\dependencies\lib\toolbox.pdb
c:\users\niklas.jakobsen\documents\z-engine-new\intermediates\x64\debug\matrix.h.ifc
c:\users\niklas.jakobsen\documents\z-engine-new\intermediates\x64\debug\matrix.h.ifc.d.json
c:\users\niklas.jakobsen\documents\z-engine-new\intermediates\x64\debug\matrix.h.obj
c:\users\niklas.jakobsen\documents\z-engine-new\dependencies\lib\toolbox.idb
c:\users\niklas.jakobsen\documents\z-engine-new\dependencies\lib\toolbox.lib
c:\users\zzwee\source\repos\z-engine\intermediates\x64\debug\matrix.h.module.json
c:\users\niklas.jakobsen\documents\z-engine-new\intermediates\x64\debug\matrix.h.module.json
c:\users\niklas.jakobsen\documents\z-engine-new\intermediates\x64\debug\toolbox.vcxproj.filelistabsolute.txt
c:\users\niklas.jakobsen\documents\z-engine-new\intermediates\x64\debug\toolbox.tlog\cl.command.1.tlog
c:\users\niklas.jakobsen\documents\z-engine-new\intermediates\x64\debug\toolbox.tlog\cl.read.1.tlog
c:\users\niklas.jakobsen\documents\z-engine-new\intermediates\x64\debug\toolbox.tlog\cl.write.1.tlog
c:\users\niklas.jakobsen\documents\z-engine-new\intermediates\x64\debug\toolbox.tlog\lib-link.read.1.tlog
c:\users\niklas.jakobsen\documents\z-engine-new\intermediates\x64\debug\toolbox.tlog\lib-link.write.1.tlog
c:\users\niklas.jakobsen\documents\z-engine-new\intermediates\x64\debug\toolbox.tlog\lib.command.1.tlog
c:\users\niklas.jakobsen\documents\z-engine-new\intermediates\x64\debug\toolbox_md.tlog\cl.command.1.tlog
c:\users\niklas.jakobsen\documents\z-engine-new\intermediates\x64\debug\toolbox_md.tlog\microsoft.build.cpptasks.cl.read.1.tlog
c:\users\niklas.jakobsen\documents\z-engine-new\intermediates\x64\debug\toolbox_md.tlog\microsoft.build.cpptasks.cl.write.1.tlog
