C:\Program Files\Microsoft Visual Studio\2022\Community\MSBuild\Microsoft\VC\v170\Microsoft.CppBuild.targets(514,5): warning MSB8028: The intermediate directory (C:\Users\niklas.jakobsen\Documents\Z-Engine-new\Intermediates\x64\Debug\) contains files shared from another project (Lancher.vcxproj, ToolBox.vcxproj).  This can lead to incorrect clean and rebuild behavior.
C:\Program Files\Microsoft Visual Studio\2022\Community\MSBuild\Microsoft\VC\v170\Microsoft.CppBuild.targets(514,5): warning MSB8028: The intermediate directory (C:\Users\niklas.jakobsen\Documents\Z-Engine-new\Intermediates\x64\Debug\) contains files shared from another project (Lancher.vcxproj, Z-Engine.vcxproj).  This can lead to incorrect clean and rebuild behavior.
  Scanning sources for module dependencies...
  Scanning sources for module dependencies...
  Engine.cpp
  Mesh.cpp
  Model.cpp
C:\Program Files (x86)\Windows Kits\10\Include\10.0.19041.0\um\winbase.h(9531,5): warning C5105: macro expansion producing 'defined' has undefined behavior (compiling source file src\Engine\Engine.cpp)
C:\Program Files (x86)\Windows Kits\10\Include\10.0.19041.0\um\winbase.h(9531,5): warning C5105: macro expansion producing 'defined' has undefined behavior (compiling source file src\Engine\Graphics\Model\Model.cpp)
C:\Program Files (x86)\Windows Kits\10\Include\10.0.19041.0\um\winbase.h(9531,5): warning C5105: macro expansion producing 'defined' has undefined behavior (compiling source file src\Engine\Graphics\Model\Mesh.cpp)
C:\Program Files (x86)\Windows Kits\10\Include\10.0.19041.0\winrt\wrl\module.h(1275,10): warning C5104: found 'L#serverName' in macro replacement list, did you mean 'L""#serverName'? (compiling source file src\Engine\Graphics\Model\Mesh.cpp)
C:\Program Files (x86)\Windows Kits\10\Include\10.0.19041.0\winrt\wrl\module.h(1275,10): warning C5104: found 'L#serverName' in macro replacement list, did you mean 'L""#serverName'? (compiling source file src\Engine\Graphics\Model\Model.cpp)
C:\Program Files (x86)\Windows Kits\10\Include\10.0.19041.0\winrt\wrl\module.h(1275,10): warning C5104: found 'L#serverName' in macro replacement list, did you mean 'L""#serverName'? (compiling source file src\Engine\Engine.cpp)
C:\Users\niklas.jakobsen\Documents\Z-Engine-new\Dependencies\include\assimp\material.inl(101,47): error C2589: '(': illegal token on right side of '::' (compiling source file src\Engine\Graphics\Model\Model.cpp)
C:\Users\niklas.jakobsen\Documents\Z-Engine-new\Dependencies\include\assimp\material.h(725,14): message : This diagnostic occurred in the compiler generated function 'aiReturn aiMaterial::Get(const char *,unsigned int,unsigned int,Type *,unsigned int *) const' (compiling source file src\Engine\Graphics\Model\Model.cpp)
C:\Users\niklas.jakobsen\Documents\Z-Engine-new\Dependencies\include\assimp\material.inl(101,47): error C2760: syntax error: '(' was unexpected here; expected ')' (compiling source file src\Engine\Graphics\Model\Model.cpp)
C:\Users\niklas.jakobsen\Documents\Z-Engine-new\Dependencies\include\assimp\material.h(725,14): message : This diagnostic occurred in the compiler generated function 'aiReturn aiMaterial::Get(const char *,unsigned int,unsigned int,Type *,unsigned int *) const' (compiling source file src\Engine\Graphics\Model\Model.cpp)
C:\Users\niklas.jakobsen\Documents\Z-Engine-new\Dependencies\include\assimp\material.inl(101,47): error C3878: syntax error: unexpected token '(' following 'expression' (compiling source file src\Engine\Graphics\Model\Model.cpp)
C:\Users\niklas.jakobsen\Documents\Z-Engine-new\Dependencies\include\assimp\material.h(725,14): message : This diagnostic occurred in the compiler generated function 'aiReturn aiMaterial::Get(const char *,unsigned int,unsigned int,Type *,unsigned int *) const' (compiling source file src\Engine\Graphics\Model\Model.cpp)
C:\Users\niklas.jakobsen\Documents\Z-Engine-new\Dependencies\include\assimp\material.inl(101,47): message : error recovery skipped: '( static_cast <  . . . identifier' (compiling source file src\Engine\Graphics\Model\Model.cpp)
C:\Users\niklas.jakobsen\Documents\Z-Engine-new\Dependencies\include\assimp\material.h(725,14): message : This diagnostic occurred in the compiler generated function 'aiReturn aiMaterial::Get(const char *,unsigned int,unsigned int,Type *,unsigned int *) const' (compiling source file src\Engine\Graphics\Model\Model.cpp)
C:\Users\niklas.jakobsen\Documents\Z-Engine-new\Dependencies\include\assimp\material.inl(101,47): error C2760: syntax error: ')' was unexpected here; expected ';' (compiling source file src\Engine\Graphics\Model\Model.cpp)
C:\Users\niklas.jakobsen\Documents\Z-Engine-new\Dependencies\include\assimp\material.h(725,14): message : This diagnostic occurred in the compiler generated function 'aiReturn aiMaterial::Get(const char *,unsigned int,unsigned int,Type *,unsigned int *) const' (compiling source file src\Engine\Graphics\Model\Model.cpp)
C:\Users\niklas.jakobsen\Documents\Z-Engine-new\Dependencies\include\assimp\material.inl(101,47): error C3878: syntax error: unexpected token ')' following 'expression_statement' (compiling source file src\Engine\Graphics\Model\Model.cpp)
C:\Users\niklas.jakobsen\Documents\Z-Engine-new\Dependencies\include\assimp\material.h(725,14): message : This diagnostic occurred in the compiler generated function 'aiReturn aiMaterial::Get(const char *,unsigned int,unsigned int,Type *,unsigned int *) const' (compiling source file src\Engine\Graphics\Model\Model.cpp)
C:\Users\niklas.jakobsen\Documents\Z-Engine-new\Dependencies\include\assimp\material.inl(101,47): error C3878: syntax error: unexpected token ')' following 'statement' (compiling source file src\Engine\Graphics\Model\Model.cpp)
C:\Users\niklas.jakobsen\Documents\Z-Engine-new\Dependencies\include\assimp\material.h(725,14): message : This diagnostic occurred in the compiler generated function 'aiReturn aiMaterial::Get(const char *,unsigned int,unsigned int,Type *,unsigned int *) const' (compiling source file src\Engine\Graphics\Model\Model.cpp)
C:\Users\niklas.jakobsen\Documents\Z-Engine-new\Dependencies\include\assimp\material.inl(101,47): error C3878: syntax error: unexpected token ')' following 'statement_seq' (compiling source file src\Engine\Graphics\Model\Model.cpp)
C:\Users\niklas.jakobsen\Documents\Z-Engine-new\Dependencies\include\assimp\material.inl(101,47): message : missing one of:  '}' ? (compiling source file src\Engine\Graphics\Model\Model.cpp)
C:\Users\niklas.jakobsen\Documents\Z-Engine-new\Dependencies\include\assimp\material.h(725,14): message : This diagnostic occurred in the compiler generated function 'aiReturn aiMaterial::Get(const char *,unsigned int,unsigned int,Type *,unsigned int *) const' (compiling source file src\Engine\Graphics\Model\Model.cpp)
C:\Users\niklas.jakobsen\Documents\Z-Engine-new\Dependencies\include\assimp\material.inl(101,47): error C2760: syntax error: ')' was unexpected here; expected '}' (compiling source file src\Engine\Graphics\Model\Model.cpp)
C:\Users\niklas.jakobsen\Documents\Z-Engine-new\Dependencies\include\assimp\material.h(725,14): message : This diagnostic occurred in the compiler generated function 'aiReturn aiMaterial::Get(const char *,unsigned int,unsigned int,Type *,unsigned int *) const' (compiling source file src\Engine\Graphics\Model\Model.cpp)
C:\Users\niklas.jakobsen\Documents\Z-Engine-new\Dependencies\include\assimp\material.inl(101,47): error C3878: syntax error: unexpected token ')' following 'compound_statement' (compiling source file src\Engine\Graphics\Model\Model.cpp)
C:\Users\niklas.jakobsen\Documents\Z-Engine-new\Dependencies\include\assimp\material.h(725,14): message : This diagnostic occurred in the compiler generated function 'aiReturn aiMaterial::Get(const char *,unsigned int,unsigned int,Type *,unsigned int *) const' (compiling source file src\Engine\Graphics\Model\Model.cpp)
C:\Users\niklas.jakobsen\Documents\Z-Engine-new\Dependencies\include\assimp\material.inl(101,47): error C3878: syntax error: unexpected token ')' following 'selection_statement' (compiling source file src\Engine\Graphics\Model\Model.cpp)
C:\Users\niklas.jakobsen\Documents\Z-Engine-new\Dependencies\include\assimp\material.h(725,14): message : This diagnostic occurred in the compiler generated function 'aiReturn aiMaterial::Get(const char *,unsigned int,unsigned int,Type *,unsigned int *) const' (compiling source file src\Engine\Graphics\Model\Model.cpp)
C:\Users\niklas.jakobsen\Documents\Z-Engine-new\Dependencies\include\assimp\material.inl(101,47): message : error recovery skipped: ') ) <' (compiling source file src\Engine\Graphics\Model\Model.cpp)
C:\Users\niklas.jakobsen\Documents\Z-Engine-new\Dependencies\include\assimp\material.h(725,14): message : This diagnostic occurred in the compiler generated function 'aiReturn aiMaterial::Get(const char *,unsigned int,unsigned int,Type *,unsigned int *) const' (compiling source file src\Engine\Graphics\Model\Model.cpp)
C:\Users\niklas.jakobsen\Documents\Z-Engine-new\Dependencies\include\assimp\material.inl(101,47): message : error recovery skipped: ') ?' (compiling source file src\Engine\Graphics\Model\Model.cpp)
C:\Users\niklas.jakobsen\Documents\Z-Engine-new\Dependencies\include\assimp\material.h(725,14): message : This diagnostic occurred in the compiler generated function 'aiReturn aiMaterial::Get(const char *,unsigned int,unsigned int,Type *,unsigned int *) const' (compiling source file src\Engine\Graphics\Model\Model.cpp)
C:\Users\niklas.jakobsen\Documents\Z-Engine-new\Dependencies\include\assimp\material.inl(101,47): error C2760: syntax error: ':' was unexpected here; expected ';' (compiling source file src\Engine\Graphics\Model\Model.cpp)
C:\Users\niklas.jakobsen\Documents\Z-Engine-new\Dependencies\include\assimp\material.h(725,14): message : This diagnostic occurred in the compiler generated function 'aiReturn aiMaterial::Get(const char *,unsigned int,unsigned int,Type *,unsigned int *) const' (compiling source file src\Engine\Graphics\Model\Model.cpp)
C:\Users\niklas.jakobsen\Documents\Z-Engine-new\Dependencies\include\assimp\material.inl(101,47): error C3878: syntax error: unexpected token ':' following 'expression_statement' (compiling source file src\Engine\Graphics\Model\Model.cpp)
C:\Users\niklas.jakobsen\Documents\Z-Engine-new\Dependencies\include\assimp\material.h(725,14): message : This diagnostic occurred in the compiler generated function 'aiReturn aiMaterial::Get(const char *,unsigned int,unsigned int,Type *,unsigned int *) const' (compiling source file src\Engine\Graphics\Model\Model.cpp)
C:\Users\niklas.jakobsen\Documents\Z-Engine-new\Dependencies\include\assimp\material.inl(101,47): message : error recovery skipped: ':' (compiling source file src\Engine\Graphics\Model\Model.cpp)
C:\Users\niklas.jakobsen\Documents\Z-Engine-new\Dependencies\include\assimp\material.h(725,14): message : This diagnostic occurred in the compiler generated function 'aiReturn aiMaterial::Get(const char *,unsigned int,unsigned int,Type *,unsigned int *) const' (compiling source file src\Engine\Graphics\Model\Model.cpp)
C:\Users\niklas.jakobsen\Documents\Z-Engine-new\Dependencies\include\assimp\material.inl(101,47): message : error recovery skipped: ') )' (compiling source file src\Engine\Graphics\Model\Model.cpp)
C:\Users\niklas.jakobsen\Documents\Z-Engine-new\Dependencies\include\assimp\material.h(725,14): message : This diagnostic occurred in the compiler generated function 'aiReturn aiMaterial::Get(const char *,unsigned int,unsigned int,Type *,unsigned int *) const' (compiling source file src\Engine\Graphics\Model\Model.cpp)
C:\Users\niklas.jakobsen\Documents\Z-Engine-new\Dependencies\include\assimp\material.inl(101,47): error C2589: '(': illegal token on right side of '::' (compiling source file src\Engine\Graphics\Model\Mesh.cpp)
C:\Users\niklas.jakobsen\Documents\Z-Engine-new\Dependencies\include\assimp\material.h(725,14): message : This diagnostic occurred in the compiler generated function 'aiReturn aiMaterial::Get(const char *,unsigned int,unsigned int,Type *,unsigned int *) const' (compiling source file src\Engine\Graphics\Model\Mesh.cpp)
C:\Users\niklas.jakobsen\Documents\Z-Engine-new\Dependencies\include\assimp\material.inl(101,47): error C2760: syntax error: '(' was unexpected here; expected ')' (compiling source file src\Engine\Graphics\Model\Mesh.cpp)
C:\Users\niklas.jakobsen\Documents\Z-Engine-new\Dependencies\include\assimp\material.h(725,14): message : This diagnostic occurred in the compiler generated function 'aiReturn aiMaterial::Get(const char *,unsigned int,unsigned int,Type *,unsigned int *) const' (compiling source file src\Engine\Graphics\Model\Mesh.cpp)
C:\Users\niklas.jakobsen\Documents\Z-Engine-new\Dependencies\include\assimp\material.inl(101,47): error C3878: syntax error: unexpected token '(' following 'expression' (compiling source file src\Engine\Graphics\Model\Mesh.cpp)
C:\Users\niklas.jakobsen\Documents\Z-Engine-new\Dependencies\include\assimp\material.h(725,14): message : This diagnostic occurred in the compiler generated function 'aiReturn aiMaterial::Get(const char *,unsigned int,unsigned int,Type *,unsigned int *) const' (compiling source file src\Engine\Graphics\Model\Mesh.cpp)
C:\Users\niklas.jakobsen\Documents\Z-Engine-new\Dependencies\include\assimp\material.inl(101,47): message : error recovery skipped: '( static_cast <  . . . identifier' (compiling source file src\Engine\Graphics\Model\Mesh.cpp)
C:\Users\niklas.jakobsen\Documents\Z-Engine-new\Dependencies\include\assimp\material.h(725,14): message : This diagnostic occurred in the compiler generated function 'aiReturn aiMaterial::Get(const char *,unsigned int,unsigned int,Type *,unsigned int *) const' (compiling source file src\Engine\Graphics\Model\Mesh.cpp)
C:\Users\niklas.jakobsen\Documents\Z-Engine-new\Dependencies\include\assimp\material.inl(101,47): error C2760: syntax error: ')' was unexpected here; expected ';' (compiling source file src\Engine\Graphics\Model\Mesh.cpp)
C:\Users\niklas.jakobsen\Documents\Z-Engine-new\Dependencies\include\assimp\material.h(725,14): message : This diagnostic occurred in the compiler generated function 'aiReturn aiMaterial::Get(const char *,unsigned int,unsigned int,Type *,unsigned int *) const' (compiling source file src\Engine\Graphics\Model\Mesh.cpp)
C:\Users\niklas.jakobsen\Documents\Z-Engine-new\Dependencies\include\assimp\material.inl(101,47): error C3878: syntax error: unexpected token ')' following 'expression_statement' (compiling source file src\Engine\Graphics\Model\Mesh.cpp)
C:\Users\niklas.jakobsen\Documents\Z-Engine-new\Dependencies\include\assimp\material.h(725,14): message : This diagnostic occurred in the compiler generated function 'aiReturn aiMaterial::Get(const char *,unsigned int,unsigned int,Type *,unsigned int *) const' (compiling source file src\Engine\Graphics\Model\Mesh.cpp)
C:\Users\niklas.jakobsen\Documents\Z-Engine-new\Dependencies\include\assimp\material.inl(101,47): error C3878: syntax error: unexpected token ')' following 'statement' (compiling source file src\Engine\Graphics\Model\Mesh.cpp)
C:\Users\niklas.jakobsen\Documents\Z-Engine-new\Dependencies\include\assimp\material.h(725,14): message : This diagnostic occurred in the compiler generated function 'aiReturn aiMaterial::Get(const char *,unsigned int,unsigned int,Type *,unsigned int *) const' (compiling source file src\Engine\Graphics\Model\Mesh.cpp)
C:\Users\niklas.jakobsen\Documents\Z-Engine-new\Dependencies\include\assimp\material.inl(101,47): error C3878: syntax error: unexpected token ')' following 'statement_seq' (compiling source file src\Engine\Graphics\Model\Mesh.cpp)
C:\Users\niklas.jakobsen\Documents\Z-Engine-new\Dependencies\include\assimp\material.inl(101,47): message : missing one of:  '}' ? (compiling source file src\Engine\Graphics\Model\Mesh.cpp)
C:\Users\niklas.jakobsen\Documents\Z-Engine-new\Dependencies\include\assimp\material.h(725,14): message : This diagnostic occurred in the compiler generated function 'aiReturn aiMaterial::Get(const char *,unsigned int,unsigned int,Type *,unsigned int *) const' (compiling source file src\Engine\Graphics\Model\Mesh.cpp)
C:\Users\niklas.jakobsen\Documents\Z-Engine-new\Dependencies\include\assimp\material.inl(101,47): error C2760: syntax error: ')' was unexpected here; expected '}' (compiling source file src\Engine\Graphics\Model\Mesh.cpp)
C:\Users\niklas.jakobsen\Documents\Z-Engine-new\Dependencies\include\assimp\material.h(725,14): message : This diagnostic occurred in the compiler generated function 'aiReturn aiMaterial::Get(const char *,unsigned int,unsigned int,Type *,unsigned int *) const' (compiling source file src\Engine\Graphics\Model\Mesh.cpp)
C:\Users\niklas.jakobsen\Documents\Z-Engine-new\Dependencies\include\assimp\material.inl(101,47): error C3878: syntax error: unexpected token ')' following 'compound_statement' (compiling source file src\Engine\Graphics\Model\Mesh.cpp)
C:\Users\niklas.jakobsen\Documents\Z-Engine-new\Dependencies\include\assimp\material.h(725,14): message : This diagnostic occurred in the compiler generated function 'aiReturn aiMaterial::Get(const char *,unsigned int,unsigned int,Type *,unsigned int *) const' (compiling source file src\Engine\Graphics\Model\Mesh.cpp)
C:\Users\niklas.jakobsen\Documents\Z-Engine-new\Dependencies\include\assimp\material.inl(101,47): error C3878: syntax error: unexpected token ')' following 'selection_statement' (compiling source file src\Engine\Graphics\Model\Mesh.cpp)
C:\Users\niklas.jakobsen\Documents\Z-Engine-new\Dependencies\include\assimp\material.h(725,14): message : This diagnostic occurred in the compiler generated function 'aiReturn aiMaterial::Get(const char *,unsigned int,unsigned int,Type *,unsigned int *) const' (compiling source file src\Engine\Graphics\Model\Mesh.cpp)
C:\Users\niklas.jakobsen\Documents\Z-Engine-new\Dependencies\include\assimp\material.inl(101,47): message : error recovery skipped: ') ) <' (compiling source file src\Engine\Graphics\Model\Mesh.cpp)
C:\Users\niklas.jakobsen\Documents\Z-Engine-new\Dependencies\include\assimp\material.h(725,14): message : This diagnostic occurred in the compiler generated function 'aiReturn aiMaterial::Get(const char *,unsigned int,unsigned int,Type *,unsigned int *) const' (compiling source file src\Engine\Graphics\Model\Mesh.cpp)
C:\Users\niklas.jakobsen\Documents\Z-Engine-new\Dependencies\include\assimp\material.inl(101,47): message : error recovery skipped: ') ?' (compiling source file src\Engine\Graphics\Model\Mesh.cpp)
C:\Users\niklas.jakobsen\Documents\Z-Engine-new\Dependencies\include\assimp\material.h(725,14): message : This diagnostic occurred in the compiler generated function 'aiReturn aiMaterial::Get(const char *,unsigned int,unsigned int,Type *,unsigned int *) const' (compiling source file src\Engine\Graphics\Model\Mesh.cpp)
C:\Users\niklas.jakobsen\Documents\Z-Engine-new\Dependencies\include\assimp\material.inl(101,47): error C2760: syntax error: ':' was unexpected here; expected ';' (compiling source file src\Engine\Graphics\Model\Mesh.cpp)
C:\Users\niklas.jakobsen\Documents\Z-Engine-new\Dependencies\include\assimp\material.h(725,14): message : This diagnostic occurred in the compiler generated function 'aiReturn aiMaterial::Get(const char *,unsigned int,unsigned int,Type *,unsigned int *) const' (compiling source file src\Engine\Graphics\Model\Mesh.cpp)
C:\Users\niklas.jakobsen\Documents\Z-Engine-new\Dependencies\include\assimp\material.inl(101,47): error C3878: syntax error: unexpected token ':' following 'expression_statement' (compiling source file src\Engine\Graphics\Model\Mesh.cpp)
C:\Users\niklas.jakobsen\Documents\Z-Engine-new\Dependencies\include\assimp\material.h(725,14): message : This diagnostic occurred in the compiler generated function 'aiReturn aiMaterial::Get(const char *,unsigned int,unsigned int,Type *,unsigned int *) const' (compiling source file src\Engine\Graphics\Model\Mesh.cpp)
C:\Users\niklas.jakobsen\Documents\Z-Engine-new\Dependencies\include\assimp\material.inl(101,47): message : error recovery skipped: ':' (compiling source file src\Engine\Graphics\Model\Mesh.cpp)
C:\Users\niklas.jakobsen\Documents\Z-Engine-new\Dependencies\include\assimp\material.h(725,14): message : This diagnostic occurred in the compiler generated function 'aiReturn aiMaterial::Get(const char *,unsigned int,unsigned int,Type *,unsigned int *) const' (compiling source file src\Engine\Graphics\Model\Mesh.cpp)
C:\Users\niklas.jakobsen\Documents\Z-Engine-new\Dependencies\include\assimp\material.inl(101,47): message : error recovery skipped: ') )' (compiling source file src\Engine\Graphics\Model\Mesh.cpp)
C:\Users\niklas.jakobsen\Documents\Z-Engine-new\Dependencies\include\assimp\material.h(725,14): message : This diagnostic occurred in the compiler generated function 'aiReturn aiMaterial::Get(const char *,unsigned int,unsigned int,Type *,unsigned int *) const' (compiling source file src\Engine\Graphics\Model\Mesh.cpp)
C:\Users\niklas.jakobsen\Documents\Z-Engine-new\Source\Z-Engine\src\Engine\Graphics\Model\Model.cpp(65,20): warning C4018: '<': signed/unsigned mismatch
C:\Users\niklas.jakobsen\Documents\Z-Engine-new\Source\Z-Engine\src\Engine\Graphics\Model\Model.cpp(71,20): warning C4018: '<': signed/unsigned mismatch
C:\Users\niklas.jakobsen\Documents\Z-Engine-new\Source\Z-Engine\src\Engine\Graphics\Model\Model.cpp(82,20): warning C4018: '<': signed/unsigned mismatch
C:\Users\niklas.jakobsen\Documents\Z-Engine-new\Source\Z-Engine\src\Engine\Graphics\Model\Model.cpp(98,20): warning C4018: '<': signed/unsigned mismatch
C:\Users\niklas.jakobsen\Documents\Z-Engine-new\Source\Z-Engine\src\Engine\Graphics\Model\Model.cpp(102,21): warning C4018: '<': signed/unsigned mismatch
C:\Users\niklas.jakobsen\Documents\Z-Engine-new\Source\Z-Engine\src\Engine\Graphics\Model\Mesh.cpp(6,71): warning C4267: 'argument': conversion from 'size_t' to 'UINT', possible loss of data
C:\Users\niklas.jakobsen\Documents\Z-Engine-new\Source\Z-Engine\src\Engine\Graphics\Model\Mesh.cpp(7,67): warning C4267: 'argument': conversion from 'size_t' to 'UINT', possible loss of data
C:\Users\niklas.jakobsen\Documents\Z-Engine-new\Dependencies\include\assimp\material.inl(101,47): error C2589: '(': illegal token on right side of '::' (compiling source file src\Engine\Engine.cpp)
C:\Users\niklas.jakobsen\Documents\Z-Engine-new\Dependencies\include\assimp\material.h(725,14): message : This diagnostic occurred in the compiler generated function 'aiReturn aiMaterial::Get(const char *,unsigned int,unsigned int,Type *,unsigned int *) const' (compiling source file src\Engine\Engine.cpp)
C:\Users\niklas.jakobsen\Documents\Z-Engine-new\Dependencies\include\assimp\material.inl(101,47): error C2760: syntax error: '(' was unexpected here; expected ')' (compiling source file src\Engine\Engine.cpp)
C:\Users\niklas.jakobsen\Documents\Z-Engine-new\Dependencies\include\assimp\material.h(725,14): message : This diagnostic occurred in the compiler generated function 'aiReturn aiMaterial::Get(const char *,unsigned int,unsigned int,Type *,unsigned int *) const' (compiling source file src\Engine\Engine.cpp)
C:\Users\niklas.jakobsen\Documents\Z-Engine-new\Dependencies\include\assimp\material.inl(101,47): error C3878: syntax error: unexpected token '(' following 'expression' (compiling source file src\Engine\Engine.cpp)
C:\Users\niklas.jakobsen\Documents\Z-Engine-new\Dependencies\include\assimp\material.h(725,14): message : This diagnostic occurred in the compiler generated function 'aiReturn aiMaterial::Get(const char *,unsigned int,unsigned int,Type *,unsigned int *) const' (compiling source file src\Engine\Engine.cpp)
C:\Users\niklas.jakobsen\Documents\Z-Engine-new\Dependencies\include\assimp\material.inl(101,47): message : error recovery skipped: '( static_cast <  . . . identifier' (compiling source file src\Engine\Engine.cpp)
C:\Users\niklas.jakobsen\Documents\Z-Engine-new\Dependencies\include\assimp\material.h(725,14): message : This diagnostic occurred in the compiler generated function 'aiReturn aiMaterial::Get(const char *,unsigned int,unsigned int,Type *,unsigned int *) const' (compiling source file src\Engine\Engine.cpp)
C:\Users\niklas.jakobsen\Documents\Z-Engine-new\Dependencies\include\assimp\material.inl(101,47): error C2760: syntax error: ')' was unexpected here; expected ';' (compiling source file src\Engine\Engine.cpp)
C:\Users\niklas.jakobsen\Documents\Z-Engine-new\Dependencies\include\assimp\material.h(725,14): message : This diagnostic occurred in the compiler generated function 'aiReturn aiMaterial::Get(const char *,unsigned int,unsigned int,Type *,unsigned int *) const' (compiling source file src\Engine\Engine.cpp)
C:\Users\niklas.jakobsen\Documents\Z-Engine-new\Dependencies\include\assimp\material.inl(101,47): error C3878: syntax error: unexpected token ')' following 'expression_statement' (compiling source file src\Engine\Engine.cpp)
C:\Users\niklas.jakobsen\Documents\Z-Engine-new\Dependencies\include\assimp\material.h(725,14): message : This diagnostic occurred in the compiler generated function 'aiReturn aiMaterial::Get(const char *,unsigned int,unsigned int,Type *,unsigned int *) const' (compiling source file src\Engine\Engine.cpp)
C:\Users\niklas.jakobsen\Documents\Z-Engine-new\Dependencies\include\assimp\material.inl(101,47): error C3878: syntax error: unexpected token ')' following 'statement' (compiling source file src\Engine\Engine.cpp)
C:\Users\niklas.jakobsen\Documents\Z-Engine-new\Dependencies\include\assimp\material.h(725,14): message : This diagnostic occurred in the compiler generated function 'aiReturn aiMaterial::Get(const char *,unsigned int,unsigned int,Type *,unsigned int *) const' (compiling source file src\Engine\Engine.cpp)
C:\Users\niklas.jakobsen\Documents\Z-Engine-new\Dependencies\include\assimp\material.inl(101,47): error C3878: syntax error: unexpected token ')' following 'statement_seq' (compiling source file src\Engine\Engine.cpp)
C:\Users\niklas.jakobsen\Documents\Z-Engine-new\Dependencies\include\assimp\material.inl(101,47): message : missing one of:  '}' ? (compiling source file src\Engine\Engine.cpp)
C:\Users\niklas.jakobsen\Documents\Z-Engine-new\Dependencies\include\assimp\material.h(725,14): message : This diagnostic occurred in the compiler generated function 'aiReturn aiMaterial::Get(const char *,unsigned int,unsigned int,Type *,unsigned int *) const' (compiling source file src\Engine\Engine.cpp)
C:\Users\niklas.jakobsen\Documents\Z-Engine-new\Dependencies\include\assimp\material.inl(101,47): error C2760: syntax error: ')' was unexpected here; expected '}' (compiling source file src\Engine\Engine.cpp)
C:\Users\niklas.jakobsen\Documents\Z-Engine-new\Dependencies\include\assimp\material.h(725,14): message : This diagnostic occurred in the compiler generated function 'aiReturn aiMaterial::Get(const char *,unsigned int,unsigned int,Type *,unsigned int *) const' (compiling source file src\Engine\Engine.cpp)
C:\Users\niklas.jakobsen\Documents\Z-Engine-new\Dependencies\include\assimp\material.inl(101,47): error C3878: syntax error: unexpected token ')' following 'compound_statement' (compiling source file src\Engine\Engine.cpp)
C:\Users\niklas.jakobsen\Documents\Z-Engine-new\Dependencies\include\assimp\material.h(725,14): message : This diagnostic occurred in the compiler generated function 'aiReturn aiMaterial::Get(const char *,unsigned int,unsigned int,Type *,unsigned int *) const' (compiling source file src\Engine\Engine.cpp)
C:\Users\niklas.jakobsen\Documents\Z-Engine-new\Dependencies\include\assimp\material.inl(101,47): error C3878: syntax error: unexpected token ')' following 'selection_statement' (compiling source file src\Engine\Engine.cpp)
C:\Users\niklas.jakobsen\Documents\Z-Engine-new\Dependencies\include\assimp\material.h(725,14): message : This diagnostic occurred in the compiler generated function 'aiReturn aiMaterial::Get(const char *,unsigned int,unsigned int,Type *,unsigned int *) const' (compiling source file src\Engine\Engine.cpp)
C:\Users\niklas.jakobsen\Documents\Z-Engine-new\Dependencies\include\assimp\material.inl(101,47): message : error recovery skipped: ') ) <' (compiling source file src\Engine\Engine.cpp)
C:\Users\niklas.jakobsen\Documents\Z-Engine-new\Dependencies\include\assimp\material.h(725,14): message : This diagnostic occurred in the compiler generated function 'aiReturn aiMaterial::Get(const char *,unsigned int,unsigned int,Type *,unsigned int *) const' (compiling source file src\Engine\Engine.cpp)
C:\Users\niklas.jakobsen\Documents\Z-Engine-new\Dependencies\include\assimp\material.inl(101,47): message : error recovery skipped: ') ?' (compiling source file src\Engine\Engine.cpp)
C:\Users\niklas.jakobsen\Documents\Z-Engine-new\Dependencies\include\assimp\material.h(725,14): message : This diagnostic occurred in the compiler generated function 'aiReturn aiMaterial::Get(const char *,unsigned int,unsigned int,Type *,unsigned int *) const' (compiling source file src\Engine\Engine.cpp)
C:\Users\niklas.jakobsen\Documents\Z-Engine-new\Dependencies\include\assimp\material.inl(101,47): error C2760: syntax error: ':' was unexpected here; expected ';' (compiling source file src\Engine\Engine.cpp)
C:\Users\niklas.jakobsen\Documents\Z-Engine-new\Dependencies\include\assimp\material.h(725,14): message : This diagnostic occurred in the compiler generated function 'aiReturn aiMaterial::Get(const char *,unsigned int,unsigned int,Type *,unsigned int *) const' (compiling source file src\Engine\Engine.cpp)
C:\Users\niklas.jakobsen\Documents\Z-Engine-new\Dependencies\include\assimp\material.inl(101,47): error C3878: syntax error: unexpected token ':' following 'expression_statement' (compiling source file src\Engine\Engine.cpp)
C:\Users\niklas.jakobsen\Documents\Z-Engine-new\Dependencies\include\assimp\material.h(725,14): message : This diagnostic occurred in the compiler generated function 'aiReturn aiMaterial::Get(const char *,unsigned int,unsigned int,Type *,unsigned int *) const' (compiling source file src\Engine\Engine.cpp)
C:\Users\niklas.jakobsen\Documents\Z-Engine-new\Dependencies\include\assimp\material.inl(101,47): message : error recovery skipped: ':' (compiling source file src\Engine\Engine.cpp)
C:\Users\niklas.jakobsen\Documents\Z-Engine-new\Dependencies\include\assimp\material.h(725,14): message : This diagnostic occurred in the compiler generated function 'aiReturn aiMaterial::Get(const char *,unsigned int,unsigned int,Type *,unsigned int *) const' (compiling source file src\Engine\Engine.cpp)
C:\Users\niklas.jakobsen\Documents\Z-Engine-new\Dependencies\include\assimp\material.inl(101,47): message : error recovery skipped: ') )' (compiling source file src\Engine\Engine.cpp)
C:\Users\niklas.jakobsen\Documents\Z-Engine-new\Dependencies\include\assimp\material.h(725,14): message : This diagnostic occurred in the compiler generated function 'aiReturn aiMaterial::Get(const char *,unsigned int,unsigned int,Type *,unsigned int *) const' (compiling source file src\Engine\Engine.cpp)
C:\Users\niklas.jakobsen\Documents\Z-Engine-new\Source\Z-Engine\src\Engine\Engine.cpp(80,21): warning C4244: '=': conversion from 'int' to 'FLOAT', possible loss of data
C:\Users\niklas.jakobsen\Documents\Z-Engine-new\Source\Z-Engine\src\Engine\Engine.cpp(81,20): warning C4244: '=': conversion from 'int' to 'FLOAT', possible loss of data
