  Scanning sources for module dependencies...
  Shaders.h
C:\Program Files (x86)\Windows Kits\10\Include\10.0.19041.0\um\winbase.h(9531,5): warning C5105: macro expansion producing 'defined' has undefined behavior
C:\Program Files (x86)\Windows Kits\10\Include\10.0.19041.0\winrt\wrl\module.h(1275,517): warning C5104: found 'L#serverName' in macro replacement list, did you mean 'L""#serverName'?
  Compiling...
  Shaders.h
C:\Program Files (x86)\Windows Kits\10\Include\10.0.19041.0\um\winbase.h(9531,5): warning C5105: macro expansion producing 'defined' has undefined behavior
C:\Program Files (x86)\Windows Kits\10\Include\10.0.19041.0\winrt\wrl\module.h(1275,10): warning C5104: found 'L#serverName' in macro replacement list, did you mean 'L""#serverName'?
  Engine.cpp
C:\Program Files (x86)\Windows Kits\10\Include\10.0.19041.0\um\winbase.h(9531,5): warning C5105: macro expansion producing 'defined' has undefined behavior
C:\Program Files (x86)\Windows Kits\10\Include\10.0.19041.0\winrt\wrl\module.h(1275,10): warning C5104: found 'L#serverName' in macro replacement list, did you mean 'L""#serverName'?
C:\Users\niklas.jakobsen\Documents\Z-Engine-new\Source\Z-Engine\src\Engine\Engine.cpp(83,21): warning C4244: '=': conversion from 'int' to 'FLOAT', possible loss of data
C:\Users\niklas.jakobsen\Documents\Z-Engine-new\Source\Z-Engine\src\Engine\Engine.cpp(84,20): warning C4244: '=': conversion from 'int' to 'FLOAT', possible loss of data
  Model.cpp
C:\Program Files (x86)\Windows Kits\10\Include\10.0.19041.0\um\winbase.h(9531,5): warning C5105: macro expansion producing 'defined' has undefined behavior
C:\Program Files (x86)\Windows Kits\10\Include\10.0.19041.0\winrt\wrl\module.h(1275,10): warning C5104: found 'L#serverName' in macro replacement list, did you mean 'L""#serverName'?
  PixelShader.cpp
C:\Program Files (x86)\Windows Kits\10\Include\10.0.19041.0\um\winbase.h(9531,5): warning C5105: macro expansion producing 'defined' has undefined behavior
C:\Program Files (x86)\Windows Kits\10\Include\10.0.19041.0\winrt\wrl\module.h(1275,10): warning C5104: found 'L#serverName' in macro replacement list, did you mean 'L""#serverName'?
  VertexShader.cpp
C:\Program Files (x86)\Windows Kits\10\Include\10.0.19041.0\um\winbase.h(9531,5): warning C5105: macro expansion producing 'defined' has undefined behavior
C:\Program Files (x86)\Windows Kits\10\Include\10.0.19041.0\winrt\wrl\module.h(1275,10): warning C5104: found 'L#serverName' in macro replacement list, did you mean 'L""#serverName'?
  Z-Engine.vcxproj -> C:\Users\niklas.jakobsen\Documents\Z-Engine-new\Dependencies\lib\Engine.lib
